<?xml version="1.0" encoding="UTF-8"?>
<coverage generated="1557824091238" clover="3.2.0">
  <project timestamp="1557824091238" name="All files">
    <metrics statements="137" coveredstatements="136" conditionals="43" coveredconditionals="38" methods="15" coveredmethods="15" elements="195" coveredelements="189" complexity="0" loc="137" ncloc="137" packages="1" files="3" classes="3"/>
    <file name="question1.js" path="/Volumes/DATA/project/test/question1.js">
      <metrics statements="31" coveredstatements="31" conditionals="12" coveredconditionals="10" methods="2" coveredmethods="2"/>
      <line num="1" count="1" type="stmt"/>
      <line num="2" count="1" type="stmt"/>
      <line num="3" count="1" type="stmt"/>
      <line num="5" count="1" type="cond" truecount="1" falsecount="1"/>
      <line num="6" count="1" type="stmt"/>
      <line num="7" count="3" type="stmt"/>
      <line num="8" count="3" type="cond" truecount="1" falsecount="1"/>
      <line num="9" count="3" type="stmt"/>
      <line num="10" count="3" type="stmt"/>
      <line num="11" count="4" type="stmt"/>
      <line num="13" count="4" type="cond" truecount="2" falsecount="0"/>
      <line num="14" count="3" type="stmt"/>
      <line num="18" count="3" type="cond" truecount="2" falsecount="0"/>
      <line num="19" count="2" type="stmt"/>
      <line num="25" count="1" type="stmt"/>
      <line num="28" count="1" type="stmt"/>
      <line num="29" count="1" type="stmt"/>
      <line num="31" count="1" type="stmt"/>
      <line num="32" count="1" type="stmt"/>
      <line num="33" count="2" type="stmt"/>
      <line num="34" count="2" type="stmt"/>
      <line num="36" count="2" type="stmt"/>
      <line num="37" count="3" type="stmt"/>
      <line num="38" count="3" type="cond" truecount="2" falsecount="0"/>
      <line num="39" count="2" type="stmt"/>
      <line num="40" count="2" type="stmt"/>
      <line num="43" count="1" type="stmt"/>
      <line num="46" count="2" type="cond" truecount="2" falsecount="0"/>
      <line num="47" count="1" type="stmt"/>
      <line num="51" count="1" type="stmt"/>
      <line num="54" count="1" type="stmt"/>
    </file>
    <file name="question2.js" path="/Volumes/DATA/project/test/question2.js">
      <metrics statements="76" coveredstatements="76" conditionals="20" coveredconditionals="19" methods="10" coveredmethods="10"/>
      <line num="1" count="1" type="stmt"/>
      <line num="2" count="618" type="stmt"/>
      <line num="3" count="618" type="stmt"/>
      <line num="4" count="618" type="stmt"/>
      <line num="5" count="618" type="stmt"/>
      <line num="7" count="618" type="stmt"/>
      <line num="10" count="1" type="stmt"/>
      <line num="11" count="414" type="stmt"/>
      <line num="13" count="76" type="cond" truecount="2" falsecount="0"/>
      <line num="16" count="1" type="stmt"/>
      <line num="17" count="1" type="stmt"/>
      <line num="19" count="1" type="stmt"/>
      <line num="20" count="28" type="cond" truecount="2" falsecount="0"/>
      <line num="21" count="14" type="stmt"/>
      <line num="25" count="1" type="stmt"/>
      <line num="28" count="1" type="stmt"/>
      <line num="29" count="146" type="stmt"/>
      <line num="30" count="391" type="stmt"/>
      <line num="32" count="146" type="cond" truecount="2" falsecount="0"/>
      <line num="35" count="1" type="stmt"/>
      <line num="36" count="14" type="stmt"/>
      <line num="37" count="14" type="stmt"/>
      <line num="39" count="14" type="stmt"/>
      <line num="40" count="41" type="stmt"/>
      <line num="43" count="14" type="stmt"/>
      <line num="46" count="1" type="stmt"/>
      <line num="47" count="1" type="stmt"/>
      <line num="49" count="1" type="stmt"/>
      <line num="50" count="14" type="stmt"/>
      <line num="52" count="14" type="stmt"/>
      <line num="57" count="1" type="stmt"/>
      <line num="60" count="1" type="stmt"/>
      <line num="61" count="1" type="stmt"/>
      <line num="62" count="1" type="stmt"/>
      <line num="64" count="1" type="stmt"/>
      <line num="65" count="3" type="stmt"/>
      <line num="66" count="3" type="stmt"/>
      <line num="67" count="38" type="stmt"/>
      <line num="68" count="38" type="stmt"/>
      <line num="69" count="38" type="stmt"/>
      <line num="71" count="38" type="stmt"/>
      <line num="72" count="67" type="cond" truecount="2" falsecount="0"/>
      <line num="73" count="29" type="stmt"/>
      <line num="77" count="38" type="stmt"/>
      <line num="78" count="580" type="stmt"/>
      <line num="80" count="580" type="cond" truecount="2" falsecount="0"/>
      <line num="81" count="48" type="stmt"/>
      <line num="83" count="48" type="stmt"/>
      <line num="84" count="116" type="cond" truecount="2" falsecount="0"/>
      <line num="85" count="57" type="stmt"/>
      <line num="89" count="48" type="cond" truecount="2" falsecount="0"/>
      <line num="90" count="22" type="stmt"/>
      <line num="96" count="3" type="stmt"/>
      <line num="99" count="1" type="stmt"/>
      <line num="101" count="1" type="stmt"/>
      <line num="104" count="1" type="stmt"/>
      <line num="105" count="1" type="stmt"/>
      <line num="106" count="1" type="stmt"/>
      <line num="108" count="1" type="stmt"/>
      <line num="109" count="1" type="stmt"/>
      <line num="110" count="14" type="stmt"/>
      <line num="111" count="14" type="stmt"/>
      <line num="113" count="14" type="stmt"/>
      <line num="114" count="30" type="cond" truecount="2" falsecount="0"/>
      <line num="115" count="13" type="stmt"/>
      <line num="116" count="13" type="stmt"/>
      <line num="120" count="14" type="cond" truecount="2" falsecount="0"/>
      <line num="121" count="1" type="stmt"/>
      <line num="125" count="1" type="stmt"/>
      <line num="126" count="1" type="stmt"/>
      <line num="127" count="1" type="stmt"/>
      <line num="128" count="1" type="cond" truecount="1" falsecount="1"/>
      <line num="129" count="1" type="stmt"/>
      <line num="130" count="1" type="stmt"/>
      <line num="134" count="1" type="stmt"/>
      <line num="137" count="1" type="stmt"/>
    </file>
    <file name="question3.js" path="/Volumes/DATA/project/test/question3.js">
      <metrics statements="30" coveredstatements="29" conditionals="11" coveredconditionals="9" methods="3" coveredmethods="3"/>
      <line num="1" count="1" type="stmt"/>
      <line num="2" count="5" type="stmt"/>
      <line num="3" count="5" type="stmt"/>
      <line num="4" count="5" type="stmt"/>
      <line num="6" count="5" type="cond" truecount="2" falsecount="0"/>
      <line num="7" count="4" type="cond" truecount="3" falsecount="0"/>
      <line num="9" count="2" type="stmt"/>
      <line num="10" count="2" type="stmt"/>
      <line num="12" count="1" type="stmt"/>
      <line num="13" count="1" type="stmt"/>
      <line num="15" count="1" type="cond" truecount="1" falsecount="1"/>
      <line num="16" count="1" type="stmt"/>
      <line num="18" count="1" type="stmt"/>
      <line num="22" count="5" type="stmt"/>
      <line num="23" count="5" type="stmt"/>
      <line num="25" count="5" type="stmt"/>
      <line num="28" count="1" type="stmt"/>
      <line num="29" count="5" type="stmt"/>
      <line num="31" count="5" type="cond" truecount="2" falsecount="0"/>
      <line num="32" count="2" type="stmt"/>
      <line num="33" count="2" type="stmt"/>
      <line num="35" count="3" type="cond" truecount="1" falsecount="1"/>
      <line num="36" count="0" type="stmt"/>
      <line num="40" count="5" type="stmt"/>
      <line num="42" count="5" type="stmt"/>
      <line num="45" count="1" type="stmt"/>
      <line num="46" count="5" type="stmt"/>
      <line num="47" count="5" type="stmt"/>
      <line num="49" count="5" type="stmt"/>
      <line num="65" count="1" type="stmt"/>
    </file>
  </project>
</coverage>
