{"/Volumes/DATA/project/test/question1.js": {"path":"/Volumes/DATA/project/test/question1.js","statementMap":{"0":{"start":{"line":1,"column":13},"end":{"line":26,"column":1}},"1":{"start":{"line":2,"column":19},"end":{"line":2,"column":43}},"2":{"start":{"line":3,"column":19},"end":{"line":3,"column":21}},"3":{"start":{"line":5,"column":2},"end":{"line":23,"column":3}},"4":{"start":{"line":6,"column":4},"end":{"line":22,"column":5}},"5":{"start":{"line":7,"column":23},"end":{"line":7,"column":45}},"6":{"start":{"line":8,"column":6},"end":{"line":21,"column":7}},"7":{"start":{"line":9,"column":19},"end":{"line":9,"column":21}},"8":{"start":{"line":10,"column":8},"end":{"line":16,"column":9}},"9":{"start":{"line":11,"column":25},"end":{"line":11,"column":50}},"10":{"start":{"line":13,"column":10},"end":{"line":15,"column":11}},"11":{"start":{"line":14,"column":12},"end":{"line":14,"column":44}},"12":{"start":{"line":18,"column":8},"end":{"line":20,"column":9}},"13":{"start":{"line":19,"column":10},"end":{"line":19,"column":30}},"14":{"start":{"line":25,"column":2},"end":{"line":25,"column":18}},"15":{"start":{"line":28,"column":14},"end":{"line":52,"column":1}},"16":{"start":{"line":29,"column":17},"end":{"line":29,"column":19}},"17":{"start":{"line":31,"column":17},"end":{"line":31,"column":48}},"18":{"start":{"line":32,"column":2},"end":{"line":49,"column":3}},"19":{"start":{"line":33,"column":18},"end":{"line":33,"column":35}},"20":{"start":{"line":34,"column":18},"end":{"line":34,"column":45}},"21":{"start":{"line":36,"column":4},"end":{"line":44,"column":5}},"22":{"start":{"line":37,"column":18},"end":{"line":37,"column":27}},"23":{"start":{"line":38,"column":6},"end":{"line":41,"column":7}},"24":{"start":{"line":39,"column":8},"end":{"line":39,"column":48}},"25":{"start":{"line":40,"column":8},"end":{"line":40,"column":14}},"26":{"start":{"line":43,"column":6},"end":{"line":43,"column":47}},"27":{"start":{"line":46,"column":4},"end":{"line":48,"column":5}},"28":{"start":{"line":47,"column":6},"end":{"line":47,"column":33}},"29":{"start":{"line":51,"column":2},"end":{"line":51,"column":18}},"30":{"start":{"line":54,"column":0},"end":{"line":57,"column":1}}},"fnMap":{"0":{"name":"(anonymous_0)","decl":{"start":{"line":1,"column":13},"end":{"line":1,"column":14}},"loc":{"start":{"line":1,"column":31},"end":{"line":26,"column":1}},"line":1},"1":{"name":"(anonymous_1)","decl":{"start":{"line":28,"column":14},"end":{"line":28,"column":15}},"loc":{"start":{"line":28,"column":29},"end":{"line":52,"column":1}},"line":28}},"branchMap":{"0":{"loc":{"start":{"line":5,"column":2},"end":{"line":23,"column":3}},"type":"if","locations":[{"start":{"line":5,"column":2},"end":{"line":23,"column":3}},{"start":{"line":5,"column":2},"end":{"line":23,"column":3}}],"line":5},"1":{"loc":{"start":{"line":8,"column":6},"end":{"line":21,"column":7}},"type":"if","locations":[{"start":{"line":8,"column":6},"end":{"line":21,"column":7}},{"start":{"line":8,"column":6},"end":{"line":21,"column":7}}],"line":8},"2":{"loc":{"start":{"line":13,"column":10},"end":{"line":15,"column":11}},"type":"if","locations":[{"start":{"line":13,"column":10},"end":{"line":15,"column":11}},{"start":{"line":13,"column":10},"end":{"line":15,"column":11}}],"line":13},"3":{"loc":{"start":{"line":18,"column":8},"end":{"line":20,"column":9}},"type":"if","locations":[{"start":{"line":18,"column":8},"end":{"line":20,"column":9}},{"start":{"line":18,"column":8},"end":{"line":20,"column":9}}],"line":18},"4":{"loc":{"start":{"line":38,"column":6},"end":{"line":41,"column":7}},"type":"if","locations":[{"start":{"line":38,"column":6},"end":{"line":41,"column":7}},{"start":{"line":38,"column":6},"end":{"line":41,"column":7}}],"line":38},"5":{"loc":{"start":{"line":46,"column":4},"end":{"line":48,"column":5}},"type":"if","locations":[{"start":{"line":46,"column":4},"end":{"line":48,"column":5}},{"start":{"line":46,"column":4},"end":{"line":48,"column":5}}],"line":46}},"s":{"0":1,"1":1,"2":1,"3":1,"4":1,"5":3,"6":3,"7":3,"8":3,"9":4,"10":4,"11":3,"12":3,"13":2,"14":1,"15":1,"16":1,"17":1,"18":1,"19":2,"20":2,"21":2,"22":3,"23":3,"24":2,"25":2,"26":1,"27":2,"28":1,"29":1,"30":1},"f":{"0":1,"1":1},"b":{"0":[1,0],"1":[3,0],"2":[3,1],"3":[2,1],"4":[2,1],"5":[1,1]},"_coverageSchema":"43e27e138ebf9cfc5966b082cf9a028302ed4184","hash":"1bc361953942e0dd8f56a23922b926d93435790e"}
,"/Volumes/DATA/project/test/question2.js": {"path":"/Volumes/DATA/project/test/question2.js","statementMap":{"0":{"start":{"line":1,"column":28},"end":{"line":8,"column":1}},"1":{"start":{"line":2,"column":16},"end":{"line":2,"column":37}},"2":{"start":{"line":3,"column":23},"end":{"line":3,"column":35}},"3":{"start":{"line":4,"column":15},"end":{"line":4,"column":23}},"4":{"start":{"line":5,"column":13},"end":{"line":5,"column":36}},"5":{"start":{"line":7,"column":2},"end":{"line":7,"column":22}},"6":{"start":{"line":10,"column":31},"end":{"line":14,"column":1}},"7":{"start":{"line":11,"column":14},"end":{"line":11,"column":55}},"8":{"start":{"line":11,"column":39},"end":{"line":11,"column":54}},"9":{"start":{"line":13,"column":2},"end":{"line":13,"column":30}},"10":{"start":{"line":16,"column":33},"end":{"line":26,"column":1}},"11":{"start":{"line":17,"column":16},"end":{"line":17,"column":18}},"12":{"start":{"line":19,"column":2},"end":{"line":23,"column":3}},"13":{"start":{"line":20,"column":4},"end":{"line":22,"column":5}},"14":{"start":{"line":21,"column":6},"end":{"line":21,"column":31}},"15":{"start":{"line":25,"column":2},"end":{"line":25,"column":17}},"16":{"start":{"line":28,"column":35},"end":{"line":33,"column":1}},"17":{"start":{"line":29,"column":19},"end":{"line":29,"column":40}},"18":{"start":{"line":30,"column":14},"end":{"line":30,"column":48}},"19":{"start":{"line":30,"column":33},"end":{"line":30,"column":47}},"20":{"start":{"line":32,"column":2},"end":{"line":32,"column":30}},"21":{"start":{"line":35,"column":26},"end":{"line":44,"column":1}},"22":{"start":{"line":36,"column":17},"end":{"line":36,"column":34}},"23":{"start":{"line":37,"column":14},"end":{"line":37,"column":15}},"24":{"start":{"line":39,"column":2},"end":{"line":41,"column":3}},"25":{"start":{"line":40,"column":4},"end":{"line":40,"column":37}},"26":{"start":{"line":43,"column":2},"end":{"line":43,"column":15}},"27":{"start":{"line":46,"column":33},"end":{"line":58,"column":1}},"28":{"start":{"line":47,"column":18},"end":{"line":47,"column":20}},"29":{"start":{"line":49,"column":2},"end":{"line":55,"column":3}},"30":{"start":{"line":50,"column":23},"end":{"line":50,"column":60}},"31":{"start":{"line":52,"column":4},"end":{"line":54,"column":7}},"32":{"start":{"line":57,"column":2},"end":{"line":57,"column":19}},"33":{"start":{"line":60,"column":27},"end":{"line":102,"column":1}},"34":{"start":{"line":61,"column":23},"end":{"line":61,"column":38}},"35":{"start":{"line":62,"column":18},"end":{"line":62,"column":47}},"36":{"start":{"line":64,"column":2},"end":{"line":97,"column":3}},"37":{"start":{"line":64,"column":23},"end":{"line":64,"column":24}},"38":{"start":{"line":65,"column":30},"end":{"line":65,"column":32}},"39":{"start":{"line":66,"column":4},"end":{"line":94,"column":5}},"40":{"start":{"line":67,"column":28},"end":{"line":67,"column":59}},"41":{"start":{"line":68,"column":26},"end":{"line":68,"column":47}},"42":{"start":{"line":69,"column":26},"end":{"line":69,"column":46}},"43":{"start":{"line":71,"column":6},"end":{"line":75,"column":7}},"44":{"start":{"line":71,"column":19},"end":{"line":71,"column":20}},"45":{"start":{"line":72,"column":8},"end":{"line":74,"column":9}},"46":{"start":{"line":73,"column":10},"end":{"line":73,"column":65}},"47":{"start":{"line":77,"column":6},"end":{"line":93,"column":7}},"48":{"start":{"line":78,"column":33},"end":{"line":78,"column":69}},"49":{"start":{"line":80,"column":8},"end":{"line":92,"column":9}},"50":{"start":{"line":81,"column":24},"end":{"line":81,"column":50}},"51":{"start":{"line":83,"column":10},"end":{"line":87,"column":11}},"52":{"start":{"line":84,"column":12},"end":{"line":86,"column":13}},"53":{"start":{"line":85,"column":14},"end":{"line":85,"column":57}},"54":{"start":{"line":89,"column":10},"end":{"line":91,"column":11}},"55":{"start":{"line":90,"column":12},"end":{"line":90,"column":50}},"56":{"start":{"line":96,"column":4},"end":{"line":96,"column":63}},"57":{"start":{"line":99,"column":2},"end":{"line":99,"column":60}},"58":{"start":{"line":101,"column":2},"end":{"line":101,"column":61}},"59":{"start":{"line":104,"column":16},"end":{"line":135,"column":1}},"60":{"start":{"line":105,"column":21},"end":{"line":105,"column":61}},"61":{"start":{"line":106,"column":17},"end":{"line":106,"column":39}},"62":{"start":{"line":108,"column":24},"end":{"line":108,"column":26}},"63":{"start":{"line":109,"column":2},"end":{"line":123,"column":3}},"64":{"start":{"line":110,"column":17},"end":{"line":110,"column":36}},"65":{"start":{"line":111,"column":16},"end":{"line":111,"column":20}},"66":{"start":{"line":113,"column":4},"end":{"line":118,"column":5}},"67":{"start":{"line":114,"column":6},"end":{"line":117,"column":7}},"68":{"start":{"line":115,"column":8},"end":{"line":115,"column":22}},"69":{"start":{"line":116,"column":8},"end":{"line":116,"column":14}},"70":{"start":{"line":120,"column":4},"end":{"line":122,"column":5}},"71":{"start":{"line":121,"column":6},"end":{"line":121,"column":41}},"72":{"start":{"line":125,"column":14},"end":{"line":125,"column":16}},"73":{"start":{"line":126,"column":18},"end":{"line":126,"column":19}},"74":{"start":{"line":127,"column":2},"end":{"line":132,"column":3}},"75":{"start":{"line":128,"column":4},"end":{"line":131,"column":5}},"76":{"start":{"line":129,"column":6},"end":{"line":129,"column":44}},"77":{"start":{"line":130,"column":6},"end":{"line":130,"column":27}},"78":{"start":{"line":134,"column":2},"end":{"line":134,"column":15}},"79":{"start":{"line":137,"column":0},"end":{"line":139,"column":1}}},"fnMap":{"0":{"name":"(anonymous_0)","decl":{"start":{"line":1,"column":28},"end":{"line":1,"column":29}},"loc":{"start":{"line":1,"column":44},"end":{"line":8,"column":1}},"line":1},"1":{"name":"(anonymous_1)","decl":{"start":{"line":10,"column":31},"end":{"line":10,"column":32}},"loc":{"start":{"line":10,"column":63},"end":{"line":14,"column":1}},"line":10},"2":{"name":"(anonymous_2)","decl":{"start":{"line":11,"column":34},"end":{"line":11,"column":35}},"loc":{"start":{"line":11,"column":39},"end":{"line":11,"column":54}},"line":11},"3":{"name":"(anonymous_3)","decl":{"start":{"line":16,"column":33},"end":{"line":16,"column":34}},"loc":{"start":{"line":16,"column":53},"end":{"line":26,"column":1}},"line":16},"4":{"name":"(anonymous_4)","decl":{"start":{"line":28,"column":35},"end":{"line":28,"column":36}},"loc":{"start":{"line":28,"column":62},"end":{"line":33,"column":1}},"line":28},"5":{"name":"(anonymous_5)","decl":{"start":{"line":30,"column":28},"end":{"line":30,"column":29}},"loc":{"start":{"line":30,"column":33},"end":{"line":30,"column":47}},"line":30},"6":{"name":"(anonymous_6)","decl":{"start":{"line":35,"column":26},"end":{"line":35,"column":27}},"loc":{"start":{"line":35,"column":51},"end":{"line":44,"column":1}},"line":35},"7":{"name":"(anonymous_7)","decl":{"start":{"line":46,"column":33},"end":{"line":46,"column":34}},"loc":{"start":{"line":46,"column":65},"end":{"line":58,"column":1}},"line":46},"8":{"name":"(anonymous_8)","decl":{"start":{"line":60,"column":27},"end":{"line":60,"column":28}},"loc":{"start":{"line":60,"column":54},"end":{"line":102,"column":1}},"line":60},"9":{"name":"(anonymous_9)","decl":{"start":{"line":104,"column":16},"end":{"line":104,"column":17}},"loc":{"start":{"line":104,"column":43},"end":{"line":135,"column":1}},"line":104}},"branchMap":{"0":{"loc":{"start":{"line":13,"column":9},"end":{"line":13,"column":29}},"type":"cond-expr","locations":[{"start":{"line":13,"column":17},"end":{"line":13,"column":21}},{"start":{"line":13,"column":24},"end":{"line":13,"column":29}}],"line":13},"1":{"loc":{"start":{"line":20,"column":4},"end":{"line":22,"column":5}},"type":"if","locations":[{"start":{"line":20,"column":4},"end":{"line":22,"column":5}},{"start":{"line":20,"column":4},"end":{"line":22,"column":5}}],"line":20},"2":{"loc":{"start":{"line":32,"column":9},"end":{"line":32,"column":29}},"type":"cond-expr","locations":[{"start":{"line":32,"column":17},"end":{"line":32,"column":21}},{"start":{"line":32,"column":24},"end":{"line":32,"column":29}}],"line":32},"3":{"loc":{"start":{"line":72,"column":8},"end":{"line":74,"column":9}},"type":"if","locations":[{"start":{"line":72,"column":8},"end":{"line":74,"column":9}},{"start":{"line":72,"column":8},"end":{"line":74,"column":9}}],"line":72},"4":{"loc":{"start":{"line":80,"column":8},"end":{"line":92,"column":9}},"type":"if","locations":[{"start":{"line":80,"column":8},"end":{"line":92,"column":9}},{"start":{"line":80,"column":8},"end":{"line":92,"column":9}}],"line":80},"5":{"loc":{"start":{"line":84,"column":12},"end":{"line":86,"column":13}},"type":"if","locations":[{"start":{"line":84,"column":12},"end":{"line":86,"column":13}},{"start":{"line":84,"column":12},"end":{"line":86,"column":13}}],"line":84},"6":{"loc":{"start":{"line":89,"column":10},"end":{"line":91,"column":11}},"type":"if","locations":[{"start":{"line":89,"column":10},"end":{"line":91,"column":11}},{"start":{"line":89,"column":10},"end":{"line":91,"column":11}}],"line":89},"7":{"loc":{"start":{"line":114,"column":6},"end":{"line":117,"column":7}},"type":"if","locations":[{"start":{"line":114,"column":6},"end":{"line":117,"column":7}},{"start":{"line":114,"column":6},"end":{"line":117,"column":7}}],"line":114},"8":{"loc":{"start":{"line":120,"column":4},"end":{"line":122,"column":5}},"type":"if","locations":[{"start":{"line":120,"column":4},"end":{"line":122,"column":5}},{"start":{"line":120,"column":4},"end":{"line":122,"column":5}}],"line":120},"9":{"loc":{"start":{"line":128,"column":4},"end":{"line":131,"column":5}},"type":"if","locations":[{"start":{"line":128,"column":4},"end":{"line":131,"column":5}},{"start":{"line":128,"column":4},"end":{"line":131,"column":5}}],"line":128}},"s":{"0":1,"1":618,"2":618,"3":618,"4":618,"5":618,"6":1,"7":76,"8":414,"9":76,"10":1,"11":1,"12":1,"13":28,"14":14,"15":1,"16":1,"17":146,"18":146,"19":391,"20":146,"21":1,"22":14,"23":14,"24":14,"25":41,"26":14,"27":1,"28":1,"29":1,"30":14,"31":14,"32":1,"33":1,"34":1,"35":1,"36":1,"37":1,"38":3,"39":3,"40":38,"41":38,"42":38,"43":38,"44":38,"45":67,"46":29,"47":38,"48":580,"49":580,"50":48,"51":48,"52":116,"53":57,"54":48,"55":22,"56":3,"57":1,"58":1,"59":1,"60":1,"61":1,"62":1,"63":1,"64":14,"65":14,"66":14,"67":30,"68":13,"69":13,"70":14,"71":1,"72":1,"73":1,"74":1,"75":1,"76":1,"77":1,"78":1,"79":1},"f":{"0":618,"1":76,"2":414,"3":1,"4":146,"5":391,"6":14,"7":1,"8":1,"9":1},"b":{"0":[40,36],"1":[14,14],"2":[76,70],"3":[29,38],"4":[48,532],"5":[57,59],"6":[22,26],"7":[13,17],"8":[1,13],"9":[1,0]},"_coverageSchema":"43e27e138ebf9cfc5966b082cf9a028302ed4184","hash":"654faf853f163c6d2159a66035bd3f72c3658d43"}
,"/Volumes/DATA/project/test/question3.js": {"path":"/Volumes/DATA/project/test/question3.js","statementMap":{"0":{"start":{"line":1,"column":24},"end":{"line":26,"column":1}},"1":{"start":{"line":2,"column":13},"end":{"line":2,"column":23}},"2":{"start":{"line":3,"column":17},"end":{"line":3,"column":32}},"3":{"start":{"line":4,"column":17},"end":{"line":4,"column":18}},"4":{"start":{"line":6,"column":2},"end":{"line":20,"column":3}},"5":{"start":{"line":7,"column":4},"end":{"line":19,"column":5}},"6":{"start":{"line":9,"column":8},"end":{"line":9,"column":22}},"7":{"start":{"line":10,"column":8},"end":{"line":10,"column":14}},"8":{"start":{"line":12,"column":8},"end":{"line":12,"column":22}},"9":{"start":{"line":13,"column":8},"end":{"line":13,"column":14}},"10":{"start":{"line":15,"column":8},"end":{"line":17,"column":9}},"11":{"start":{"line":16,"column":10},"end":{"line":16,"column":23}},"12":{"start":{"line":18,"column":8},"end":{"line":18,"column":14}},"13":{"start":{"line":22,"column":25},"end":{"line":22,"column":66}},"14":{"start":{"line":23,"column":2},"end":{"line":23,"column":36}},"15":{"start":{"line":25,"column":2},"end":{"line":25,"column":15}},"16":{"start":{"line":28,"column":24},"end":{"line":43,"column":1}},"17":{"start":{"line":29,"column":22},"end":{"line":29,"column":23}},"18":{"start":{"line":31,"column":2},"end":{"line":38,"column":3}},"19":{"start":{"line":32,"column":19},"end":{"line":32,"column":69}},"20":{"start":{"line":33,"column":4},"end":{"line":33,"column":33}},"21":{"start":{"line":35,"column":4},"end":{"line":37,"column":5}},"22":{"start":{"line":36,"column":6},"end":{"line":36,"column":24}},"23":{"start":{"line":40,"column":2},"end":{"line":40,"column":54}},"24":{"start":{"line":42,"column":2},"end":{"line":42,"column":15}},"25":{"start":{"line":45,"column":26},"end":{"line":50,"column":1}},"26":{"start":{"line":46,"column":2},"end":{"line":46,"column":33}},"27":{"start":{"line":47,"column":2},"end":{"line":47,"column":33}},"28":{"start":{"line":49,"column":2},"end":{"line":49,"column":15}},"29":{"start":{"line":65,"column":0},"end":{"line":67,"column":1}}},"fnMap":{"0":{"name":"(anonymous_0)","decl":{"start":{"line":1,"column":24},"end":{"line":1,"column":25}},"loc":{"start":{"line":1,"column":35},"end":{"line":26,"column":1}},"line":1},"1":{"name":"(anonymous_1)","decl":{"start":{"line":28,"column":24},"end":{"line":28,"column":25}},"loc":{"start":{"line":28,"column":35},"end":{"line":43,"column":1}},"line":28},"2":{"name":"(anonymous_2)","decl":{"start":{"line":45,"column":26},"end":{"line":45,"column":27}},"loc":{"start":{"line":45,"column":37},"end":{"line":50,"column":1}},"line":45}},"branchMap":{"0":{"loc":{"start":{"line":6,"column":2},"end":{"line":20,"column":3}},"type":"if","locations":[{"start":{"line":6,"column":2},"end":{"line":20,"column":3}},{"start":{"line":6,"column":2},"end":{"line":20,"column":3}}],"line":6},"1":{"loc":{"start":{"line":7,"column":4},"end":{"line":19,"column":5}},"type":"switch","locations":[{"start":{"line":8,"column":6},"end":{"line":10,"column":14}},{"start":{"line":11,"column":6},"end":{"line":13,"column":14}},{"start":{"line":14,"column":6},"end":{"line":18,"column":14}}],"line":7},"2":{"loc":{"start":{"line":15,"column":8},"end":{"line":17,"column":9}},"type":"if","locations":[{"start":{"line":15,"column":8},"end":{"line":17,"column":9}},{"start":{"line":15,"column":8},"end":{"line":17,"column":9}}],"line":15},"3":{"loc":{"start":{"line":31,"column":2},"end":{"line":38,"column":3}},"type":"if","locations":[{"start":{"line":31,"column":2},"end":{"line":38,"column":3}},{"start":{"line":31,"column":2},"end":{"line":38,"column":3}}],"line":31},"4":{"loc":{"start":{"line":35,"column":4},"end":{"line":37,"column":5}},"type":"if","locations":[{"start":{"line":35,"column":4},"end":{"line":37,"column":5}},{"start":{"line":35,"column":4},"end":{"line":37,"column":5}}],"line":35}},"s":{"0":1,"1":5,"2":5,"3":5,"4":5,"5":4,"6":2,"7":2,"8":1,"9":1,"10":1,"11":1,"12":1,"13":5,"14":5,"15":5,"16":1,"17":5,"18":5,"19":2,"20":2,"21":3,"22":0,"23":5,"24":5,"25":1,"26":5,"27":5,"28":5,"29":1},"f":{"0":5,"1":5,"2":5},"b":{"0":[4,1],"1":[2,1,1],"2":[1,0],"3":[2,3],"4":[0,3]},"_coverageSchema":"43e27e138ebf9cfc5966b082cf9a028302ed4184","hash":"4f98e94a3b70e80fd0d27a9775f8a63b196f7d6f"}
}
