TN:
SF:/Volumes/DATA/project/test/question1.js
FN:1,(anonymous_0)
FN:28,(anonymous_1)
FNF:2
FNH:2
FNDA:1,(anonymous_0)
FNDA:1,(anonymous_1)
DA:1,1
DA:2,1
DA:3,1
DA:5,1
DA:6,1
DA:7,3
DA:8,3
DA:9,3
DA:10,3
DA:11,4
DA:13,4
DA:14,3
DA:18,3
DA:19,2
DA:25,1
DA:28,1
DA:29,1
DA:31,1
DA:32,1
DA:33,2
DA:34,2
DA:36,2
DA:37,3
DA:38,3
DA:39,2
DA:40,2
DA:43,1
DA:46,2
DA:47,1
DA:51,1
DA:54,1
LF:31
LH:31
BRDA:5,0,0,1
BRDA:5,0,1,0
BRDA:8,1,0,3
BRDA:8,1,1,0
BRDA:13,2,0,3
BRDA:13,2,1,1
BRDA:18,3,0,2
BRDA:18,3,1,1
BRDA:38,4,0,2
BRDA:38,4,1,1
BRDA:46,5,0,1
BRDA:46,5,1,1
BRF:12
BRH:10
end_of_record
TN:
SF:/Volumes/DATA/project/test/question2.js
FN:1,(anonymous_0)
FN:10,(anonymous_1)
FN:11,(anonymous_2)
FN:16,(anonymous_3)
FN:28,(anonymous_4)
FN:30,(anonymous_5)
FN:35,(anonymous_6)
FN:46,(anonymous_7)
FN:60,(anonymous_8)
FN:104,(anonymous_9)
FNF:10
FNH:10
FNDA:618,(anonymous_0)
FNDA:76,(anonymous_1)
FNDA:414,(anonymous_2)
FNDA:1,(anonymous_3)
FNDA:146,(anonymous_4)
FNDA:391,(anonymous_5)
FNDA:14,(anonymous_6)
FNDA:1,(anonymous_7)
FNDA:1,(anonymous_8)
FNDA:1,(anonymous_9)
DA:1,1
DA:2,618
DA:3,618
DA:4,618
DA:5,618
DA:7,618
DA:10,1
DA:11,414
DA:13,76
DA:16,1
DA:17,1
DA:19,1
DA:20,28
DA:21,14
DA:25,1
DA:28,1
DA:29,146
DA:30,391
DA:32,146
DA:35,1
DA:36,14
DA:37,14
DA:39,14
DA:40,41
DA:43,14
DA:46,1
DA:47,1
DA:49,1
DA:50,14
DA:52,14
DA:57,1
DA:60,1
DA:61,1
DA:62,1
DA:64,1
DA:65,3
DA:66,3
DA:67,38
DA:68,38
DA:69,38
DA:71,38
DA:72,67
DA:73,29
DA:77,38
DA:78,580
DA:80,580
DA:81,48
DA:83,48
DA:84,116
DA:85,57
DA:89,48
DA:90,22
DA:96,3
DA:99,1
DA:101,1
DA:104,1
DA:105,1
DA:106,1
DA:108,1
DA:109,1
DA:110,14
DA:111,14
DA:113,14
DA:114,30
DA:115,13
DA:116,13
DA:120,14
DA:121,1
DA:125,1
DA:126,1
DA:127,1
DA:128,1
DA:129,1
DA:130,1
DA:134,1
DA:137,1
LF:76
LH:76
BRDA:13,0,0,40
BRDA:13,0,1,36
BRDA:20,1,0,14
BRDA:20,1,1,14
BRDA:32,2,0,76
BRDA:32,2,1,70
BRDA:72,3,0,29
BRDA:72,3,1,38
BRDA:80,4,0,48
BRDA:80,4,1,532
BRDA:84,5,0,57
BRDA:84,5,1,59
BRDA:89,6,0,22
BRDA:89,6,1,26
BRDA:114,7,0,13
BRDA:114,7,1,17
BRDA:120,8,0,1
BRDA:120,8,1,13
BRDA:128,9,0,1
BRDA:128,9,1,0
BRF:20
BRH:19
end_of_record
TN:
SF:/Volumes/DATA/project/test/question3.js
FN:1,(anonymous_0)
FN:28,(anonymous_1)
FN:45,(anonymous_2)
FNF:3
FNH:3
FNDA:5,(anonymous_0)
FNDA:5,(anonymous_1)
FNDA:5,(anonymous_2)
DA:1,1
DA:2,5
DA:3,5
DA:4,5
DA:6,5
DA:7,4
DA:9,2
DA:10,2
DA:12,1
DA:13,1
DA:15,1
DA:16,1
DA:18,1
DA:22,5
DA:23,5
DA:25,5
DA:28,1
DA:29,5
DA:31,5
DA:32,2
DA:33,2
DA:35,3
DA:36,0
DA:40,5
DA:42,5
DA:45,1
DA:46,5
DA:47,5
DA:49,5
DA:65,1
LF:30
LH:29
BRDA:6,0,0,4
BRDA:6,0,1,1
BRDA:7,1,0,2
BRDA:7,1,1,1
BRDA:7,1,2,1
BRDA:15,2,0,1
BRDA:15,2,1,0
BRDA:31,3,0,2
BRDA:31,3,1,3
BRDA:35,4,0,0
BRDA:35,4,1,3
BRF:11
BRH:9
end_of_record
